<?xml version="1.0" encoding="UTF-8"?>
<coverage generated="1742865085634" clover="3.2.0">
  <project timestamp="1742865085634" name="All files">
    <metrics statements="104" coveredstatements="102" conditionals="27" coveredconditionals="23" methods="15" coveredmethods="15" elements="146" coveredelements="140" complexity="0" loc="104" ncloc="104" packages="1" files="5" classes="5"/>
    <file name="adaptiveHybridSort.ts" path="D:\AHS-Paper\code\core\adaptiveHybridSort.ts">
      <metrics statements="28" coveredstatements="26" conditionals="12" coveredconditionals="9" methods="2" coveredmethods="2"/>
      <line num="1" count="1" type="stmt"/>
      <line num="2" count="1" type="stmt"/>
      <line num="3" count="1" type="stmt"/>
      <line num="4" count="1" type="stmt"/>
      <line num="14" count="1" type="stmt"/>
      <line num="16" count="5" type="cond" truecount="1" falsecount="0"/>
      <line num="17" count="4" type="cond" truecount="0" falsecount="1"/>
      <line num="19" count="4" type="stmt"/>
      <line num="20" count="4" type="stmt"/>
      <line num="21" count="4" type="stmt"/>
      <line num="22" count="4" type="stmt"/>
      <line num="23" count="4" type="stmt"/>
      <line num="26" count="4" type="cond" truecount="2" falsecount="0"/>
      <line num="27" count="3" type="stmt"/>
      <line num="28" count="1" type="cond" truecount="1" falsecount="1"/>
      <line num="29" count="0" type="stmt"/>
      <line num="30" count="1" type="cond" truecount="3" falsecount="1"/>
      <line num="31" count="1" type="stmt"/>
      <line num="33" count="0" type="stmt"/>
      <line num="38" count="4" type="stmt"/>
      <line num="39" count="4" type="stmt"/>
      <line num="40" count="112" type="cond" truecount="2" falsecount="0"/>
      <line num="43" count="4" type="stmt"/>
      <line num="44" count="4" type="stmt"/>
      <line num="45" count="4" type="stmt"/>
      <line num="46" count="112" type="stmt"/>
      <line num="47" count="112" type="stmt"/>
      <line num="50" count="4" type="stmt"/>
    </file>
    <file name="countingSort.ts" path="D:\AHS-Paper\code\core\countingSort.ts">
      <metrics statements="10" coveredstatements="10" conditionals="0" coveredconditionals="0" methods="1" coveredmethods="1"/>
      <line num="1" count="1" type="stmt"/>
      <line num="2" count="2" type="stmt"/>
      <line num="3" count="2" type="stmt"/>
      <line num="4" count="2" type="stmt"/>
      <line num="6" count="9" type="stmt"/>
      <line num="7" count="4" type="stmt"/>
      <line num="8" count="2" type="stmt"/>
      <line num="9" count="9" type="stmt"/>
      <line num="10" count="9" type="stmt"/>
      <line num="12" count="2" type="stmt"/>
    </file>
    <file name="insertionSort.ts" path="D:\AHS-Paper\code\core\insertionSort.ts">
      <metrics statements="9" coveredstatements="9" conditionals="2" coveredconditionals="2" methods="1" coveredmethods="1"/>
      <line num="1" count="1" type="stmt"/>
      <line num="2" count="3" type="stmt"/>
      <line num="3" count="9" type="stmt"/>
      <line num="4" count="9" type="stmt"/>
      <line num="5" count="9" type="cond" truecount="2" falsecount="0"/>
      <line num="6" count="6" type="stmt"/>
      <line num="7" count="6" type="stmt"/>
      <line num="9" count="9" type="stmt"/>
      <line num="11" count="3" type="stmt"/>
    </file>
    <file name="quickSort.ts" path="D:\AHS-Paper\code\core\quickSort.ts">
      <metrics statements="31" coveredstatements="31" conditionals="11" coveredconditionals="11" methods="4" coveredmethods="4"/>
      <line num="7" count="1" type="cond" truecount="2" falsecount="0"/>
      <line num="9" count="14" type="cond" truecount="1" falsecount="0"/>
      <line num="10" count="8" type="stmt"/>
      <line num="11" count="8" type="stmt"/>
      <line num="14" count="6" type="stmt"/>
      <line num="17" count="6" type="cond" truecount="1" falsecount="0"/>
      <line num="18" count="6" type="cond" truecount="1" falsecount="0"/>
      <line num="20" count="6" type="stmt"/>
      <line num="24" count="6" type="stmt"/>
      <line num="25" count="6" type="stmt"/>
      <line num="26" count="6" type="stmt"/>
      <line num="28" count="6" type="stmt"/>
      <line num="29" count="103" type="stmt"/>
      <line num="30" count="93" type="stmt"/>
      <line num="31" count="72" type="cond" truecount="1" falsecount="0"/>
      <line num="32" count="67" type="stmt"/>
      <line num="33" count="67" type="stmt"/>
      <line num="34" count="67" type="stmt"/>
      <line num="37" count="6" type="stmt"/>
      <line num="41" count="6" type="stmt"/>
      <line num="44" count="6" type="cond" truecount="1" falsecount="0"/>
      <line num="45" count="6" type="cond" truecount="1" falsecount="0"/>
      <line num="46" count="6" type="cond" truecount="1" falsecount="0"/>
      <line num="48" count="6" type="stmt"/>
      <line num="53" count="8" type="stmt"/>
      <line num="54" count="101" type="stmt"/>
      <line num="55" count="101" type="stmt"/>
      <line num="56" count="101" type="cond" truecount="2" falsecount="0"/>
      <line num="57" count="351" type="stmt"/>
      <line num="58" count="351" type="stmt"/>
      <line num="60" count="101" type="stmt"/>
    </file>
    <file name="radixSort.ts" path="D:\AHS-Paper\code\core\radixSort.ts">
      <metrics statements="26" coveredstatements="26" conditionals="2" coveredconditionals="1" methods="7" coveredmethods="7"/>
      <line num="7" count="1" type="cond" truecount="1" falsecount="0"/>
      <line num="8" count="3" type="cond" truecount="0" falsecount="1"/>
      <line num="11" count="106" type="stmt"/>
      <line num="12" count="106" type="stmt"/>
      <line num="15" count="3" type="stmt"/>
      <line num="16" count="3" type="stmt"/>
      <line num="18" count="3" type="stmt"/>
      <line num="22" count="6" type="stmt"/>
      <line num="23" count="6" type="stmt"/>
      <line num="25" count="6" type="stmt"/>
      <line num="26" count="14" type="stmt"/>
      <line num="27" count="14" type="stmt"/>
      <line num="29" count="6" type="stmt"/>
      <line num="33" count="14" type="stmt"/>
      <line num="34" count="14" type="stmt"/>
      <line num="37" count="14" type="stmt"/>
      <line num="38" count="321" type="stmt"/>
      <line num="39" count="321" type="stmt"/>
      <line num="43" count="14" type="stmt"/>
      <line num="44" count="3570" type="stmt"/>
      <line num="48" count="14" type="stmt"/>
      <line num="49" count="321" type="stmt"/>
      <line num="50" count="321" type="stmt"/>
      <line num="51" count="321" type="stmt"/>
      <line num="55" count="14" type="stmt"/>
      <line num="56" count="321" type="stmt"/>
    </file>
  </project>
</coverage>
