{"D:\\AHS-Paper\\code\\core\\adaptiveHybridSort.ts": {"path":"D:\\AHS-Paper\\code\\core\\adaptiveHybridSort.ts","statementMap":{"0":{"start":{"line":14,"column":0},"end":{"line":14,"column":16}},"1":{"start":{"line":1,"column":0},"end":{"line":1,"column":48}},"2":{"start":{"line":2,"column":0},"end":{"line":2,"column":46}},"3":{"start":{"line":3,"column":0},"end":{"line":3,"column":40}},"4":{"start":{"line":4,"column":0},"end":{"line":4,"column":40}},"5":{"start":{"line":16,"column":4},"end":{"line":16,"column":36}},"6":{"start":{"line":16,"column":25},"end":{"line":16,"column":36}},"7":{"start":{"line":17,"column":4},"end":{"line":17,"column":44}},"8":{"start":{"line":17,"column":33},"end":{"line":17,"column":44}},"9":{"start":{"line":19,"column":14},"end":{"line":19,"column":24}},"10":{"start":{"line":20,"column":16},"end":{"line":20,"column":32}},"11":{"start":{"line":21,"column":16},"end":{"line":21,"column":32}},"12":{"start":{"line":22,"column":14},"end":{"line":22,"column":27}},"13":{"start":{"line":23,"column":14},"end":{"line":23,"column":35}},"14":{"start":{"line":26,"column":4},"end":{"line":34,"column":5}},"15":{"start":{"line":27,"column":8},"end":{"line":27,"column":34}},"16":{"start":{"line":28,"column":11},"end":{"line":34,"column":5}},"17":{"start":{"line":29,"column":8},"end":{"line":29,"column":43}},"18":{"start":{"line":30,"column":11},"end":{"line":34,"column":5}},"19":{"start":{"line":31,"column":8},"end":{"line":31,"column":30}},"20":{"start":{"line":33,"column":8},"end":{"line":33,"column":30}},"21":{"start":{"line":38,"column":22},"end":{"line":38,"column":47}},"22":{"start":{"line":39,"column":4},"end":{"line":41,"column":5}},"23":{"start":{"line":40,"column":8},"end":{"line":40,"column":58}},"24":{"start":{"line":43,"column":18},"end":{"line":43,"column":19}},"25":{"start":{"line":44,"column":14},"end":{"line":44,"column":24}},"26":{"start":{"line":45,"column":4},"end":{"line":48,"column":5}},"27":{"start":{"line":46,"column":18},"end":{"line":46,"column":27}},"28":{"start":{"line":47,"column":8},"end":{"line":47,"column":36}},"29":{"start":{"line":50,"column":4},"end":{"line":50,"column":19}}},"fnMap":{"0":{"name":"adaptiveHybridSort","decl":{"start":{"line":14,"column":16},"end":{"line":14,"column":34}},"loc":{"start":{"line":14,"column":48},"end":{"line":35,"column":1}}},"1":{"name":"calculateEntropy","decl":{"start":{"line":37,"column":9},"end":{"line":37,"column":25}},"loc":{"start":{"line":37,"column":39},"end":{"line":51,"column":1}}}},"branchMap":{"0":{"loc":{"start":{"line":16,"column":4},"end":{"line":16,"column":36}},"type":"if","locations":[{"start":{"line":16,"column":4},"end":{"line":16,"column":36}}]},"1":{"loc":{"start":{"line":17,"column":4},"end":{"line":17,"column":44}},"type":"if","locations":[{"start":{"line":17,"column":4},"end":{"line":17,"column":44}}]},"2":{"loc":{"start":{"line":26,"column":4},"end":{"line":34,"column":5}},"type":"if","locations":[{"start":{"line":26,"column":4},"end":{"line":34,"column":5}},{"start":{"line":28,"column":11},"end":{"line":34,"column":5}}]},"3":{"loc":{"start":{"line":28,"column":11},"end":{"line":34,"column":5}},"type":"if","locations":[{"start":{"line":28,"column":11},"end":{"line":34,"column":5}},{"start":{"line":30,"column":11},"end":{"line":34,"column":5}}]},"4":{"loc":{"start":{"line":30,"column":11},"end":{"line":34,"column":5}},"type":"if","locations":[{"start":{"line":30,"column":11},"end":{"line":34,"column":5}},{"start":{"line":32,"column":11},"end":{"line":34,"column":5}}]},"5":{"loc":{"start":{"line":30,"column":15},"end":{"line":30,"column":33}},"type":"binary-expr","locations":[{"start":{"line":30,"column":15},"end":{"line":30,"column":22}},{"start":{"line":30,"column":26},"end":{"line":30,"column":33}}]},"6":{"loc":{"start":{"line":40,"column":28},"end":{"line":40,"column":51}},"type":"binary-expr","locations":[{"start":{"line":40,"column":28},"end":{"line":40,"column":46}},{"start":{"line":40,"column":50},"end":{"line":40,"column":51}}]}},"s":{"0":1,"1":1,"2":1,"3":1,"4":1,"5":5,"6":1,"7":4,"8":0,"9":4,"10":4,"11":4,"12":4,"13":4,"14":4,"15":3,"16":1,"17":0,"18":1,"19":1,"20":0,"21":4,"22":4,"23":112,"24":4,"25":4,"26":4,"27":112,"28":112,"29":4},"f":{"0":5,"1":4},"b":{"0":[1],"1":[0],"2":[3,1],"3":[0,1],"4":[1,0],"5":[1,1],"6":[112,112]}}
,"D:\\AHS-Paper\\code\\core\\countingSort.ts": {"path":"D:\\AHS-Paper\\code\\core\\countingSort.ts","statementMap":{"0":{"start":{"line":1,"column":0},"end":{"line":1,"column":16}},"1":{"start":{"line":2,"column":18},"end":{"line":2,"column":31}},"2":{"start":{"line":3,"column":18},"end":{"line":3,"column":42}},"3":{"start":{"line":4,"column":19},"end":{"line":4,"column":40}},"4":{"start":{"line":6,"column":4},"end":{"line":6,"column":46}},"5":{"start":{"line":6,"column":27},"end":{"line":6,"column":46}},"6":{"start":{"line":7,"column":4},"end":{"line":7,"column":61}},"7":{"start":{"line":7,"column":17},"end":{"line":7,"column":18}},"8":{"start":{"line":7,"column":36},"end":{"line":7,"column":61}},"9":{"start":{"line":8,"column":4},"end":{"line":11,"column":5}},"10":{"start":{"line":8,"column":17},"end":{"line":8,"column":31}},"11":{"start":{"line":9,"column":8},"end":{"line":9,"column":49}},"12":{"start":{"line":10,"column":8},"end":{"line":10,"column":30}},"13":{"start":{"line":12,"column":4},"end":{"line":12,"column":18}}},"fnMap":{"0":{"name":"countingSort","decl":{"start":{"line":1,"column":16},"end":{"line":1,"column":28}},"loc":{"start":{"line":1,"column":68},"end":{"line":13,"column":1}}}},"branchMap":{},"s":{"0":1,"1":2,"2":2,"3":2,"4":2,"5":9,"6":2,"7":2,"8":4,"9":2,"10":2,"11":9,"12":9,"13":2},"f":{"0":2},"b":{}}
,"D:\\AHS-Paper\\code\\core\\insertionSort.ts": {"path":"D:\\AHS-Paper\\code\\core\\insertionSort.ts","statementMap":{"0":{"start":{"line":1,"column":0},"end":{"line":1,"column":16}},"1":{"start":{"line":2,"column":4},"end":{"line":10,"column":5}},"2":{"start":{"line":2,"column":17},"end":{"line":2,"column":18}},"3":{"start":{"line":3,"column":20},"end":{"line":3,"column":26}},"4":{"start":{"line":4,"column":16},"end":{"line":4,"column":21}},"5":{"start":{"line":5,"column":8},"end":{"line":8,"column":9}},"6":{"start":{"line":6,"column":12},"end":{"line":6,"column":32}},"7":{"start":{"line":7,"column":12},"end":{"line":7,"column":16}},"8":{"start":{"line":9,"column":8},"end":{"line":9,"column":25}},"9":{"start":{"line":11,"column":4},"end":{"line":11,"column":15}}},"fnMap":{"0":{"name":"insertionSort","decl":{"start":{"line":1,"column":16},"end":{"line":1,"column":29}},"loc":{"start":{"line":1,"column":43},"end":{"line":12,"column":1}}}},"branchMap":{"0":{"loc":{"start":{"line":5,"column":15},"end":{"line":5,"column":37}},"type":"binary-expr","locations":[{"start":{"line":5,"column":15},"end":{"line":5,"column":21}},{"start":{"line":5,"column":25},"end":{"line":5,"column":37}}]}},"s":{"0":1,"1":3,"2":3,"3":9,"4":9,"5":9,"6":6,"7":6,"8":9,"9":3},"f":{"0":3},"b":{"0":[15,13]}}
,"D:\\AHS-Paper\\code\\core\\quickSort.ts": {"path":"D:\\AHS-Paper\\code\\core\\quickSort.ts","statementMap":{"0":{"start":{"line":7,"column":0},"end":{"line":7,"column":16}},"1":{"start":{"line":9,"column":4},"end":{"line":12,"column":5}},"2":{"start":{"line":10,"column":8},"end":{"line":10,"column":45}},"3":{"start":{"line":11,"column":8},"end":{"line":11,"column":19}},"4":{"start":{"line":14,"column":23},"end":{"line":14,"column":50}},"5":{"start":{"line":17,"column":4},"end":{"line":17,"column":68}},"6":{"start":{"line":17,"column":31},"end":{"line":17,"column":68}},"7":{"start":{"line":18,"column":4},"end":{"line":18,"column":62}},"8":{"start":{"line":18,"column":28},"end":{"line":18,"column":62}},"9":{"start":{"line":20,"column":4},"end":{"line":20,"column":15}},"10":{"start":{"line":24,"column":18},"end":{"line":24,"column":49}},"11":{"start":{"line":25,"column":12},"end":{"line":25,"column":16}},"12":{"start":{"line":26,"column":12},"end":{"line":26,"column":17}},"13":{"start":{"line":28,"column":4},"end":{"line":36,"column":5}},"14":{"start":{"line":29,"column":8},"end":{"line":29,"column":35}},"15":{"start":{"line":29,"column":31},"end":{"line":29,"column":35}},"16":{"start":{"line":30,"column":8},"end":{"line":30,"column":35}},"17":{"start":{"line":30,"column":31},"end":{"line":30,"column":35}},"18":{"start":{"line":31,"column":8},"end":{"line":35,"column":9}},"19":{"start":{"line":32,"column":12},"end":{"line":32,"column":48}},"20":{"start":{"line":33,"column":12},"end":{"line":33,"column":16}},"21":{"start":{"line":34,"column":12},"end":{"line":34,"column":16}},"22":{"start":{"line":37,"column":4},"end":{"line":37,"column":13}},"23":{"start":{"line":41,"column":16},"end":{"line":41,"column":46}},"24":{"start":{"line":44,"column":4},"end":{"line":44,"column":76}},"25":{"start":{"line":44,"column":30},"end":{"line":44,"column":76}},"26":{"start":{"line":45,"column":4},"end":{"line":45,"column":79}},"27":{"start":{"line":45,"column":31},"end":{"line":45,"column":79}},"28":{"start":{"line":46,"column":4},"end":{"line":46,"column":76}},"29":{"start":{"line":46,"column":30},"end":{"line":46,"column":76}},"30":{"start":{"line":48,"column":4},"end":{"line":48,"column":20}},"31":{"start":{"line":53,"column":4},"end":{"line":61,"column":5}},"32":{"start":{"line":53,"column":17},"end":{"line":53,"column":25}},"33":{"start":{"line":54,"column":20},"end":{"line":54,"column":26}},"34":{"start":{"line":55,"column":16},"end":{"line":55,"column":21}},"35":{"start":{"line":56,"column":8},"end":{"line":59,"column":9}},"36":{"start":{"line":57,"column":12},"end":{"line":57,"column":32}},"37":{"start":{"line":58,"column":12},"end":{"line":58,"column":16}},"38":{"start":{"line":60,"column":8},"end":{"line":60,"column":25}}},"fnMap":{"0":{"name":"quickSort","decl":{"start":{"line":7,"column":16},"end":{"line":7,"column":25}},"loc":{"start":{"line":7,"column":73},"end":{"line":21,"column":1}}},"1":{"name":"partition","decl":{"start":{"line":23,"column":9},"end":{"line":23,"column":18}},"loc":{"start":{"line":23,"column":61},"end":{"line":38,"column":1}}},"2":{"name":"medianOfThree","decl":{"start":{"line":40,"column":9},"end":{"line":40,"column":22}},"loc":{"start":{"line":40,"column":65},"end":{"line":49,"column":1}}},"3":{"name":"insertionSortRange","decl":{"start":{"line":52,"column":9},"end":{"line":52,"column":27}},"loc":{"start":{"line":52,"column":70},"end":{"line":62,"column":1}}}},"branchMap":{"0":{"loc":{"start":{"line":7,"column":41},"end":{"line":7,"column":49}},"type":"default-arg","locations":[{"start":{"line":7,"column":48},"end":{"line":7,"column":49}}]},"1":{"loc":{"start":{"line":7,"column":51},"end":{"line":7,"column":73}},"type":"default-arg","locations":[{"start":{"line":7,"column":59},"end":{"line":7,"column":73}}]},"2":{"loc":{"start":{"line":9,"column":4},"end":{"line":12,"column":5}},"type":"if","locations":[{"start":{"line":9,"column":4},"end":{"line":12,"column":5}}]},"3":{"loc":{"start":{"line":17,"column":4},"end":{"line":17,"column":68}},"type":"if","locations":[{"start":{"line":17,"column":4},"end":{"line":17,"column":68}}]},"4":{"loc":{"start":{"line":18,"column":4},"end":{"line":18,"column":62}},"type":"if","locations":[{"start":{"line":18,"column":4},"end":{"line":18,"column":62}}]},"5":{"loc":{"start":{"line":31,"column":8},"end":{"line":35,"column":9}},"type":"if","locations":[{"start":{"line":31,"column":8},"end":{"line":35,"column":9}}]},"6":{"loc":{"start":{"line":44,"column":4},"end":{"line":44,"column":76}},"type":"if","locations":[{"start":{"line":44,"column":4},"end":{"line":44,"column":76}}]},"7":{"loc":{"start":{"line":45,"column":4},"end":{"line":45,"column":79}},"type":"if","locations":[{"start":{"line":45,"column":4},"end":{"line":45,"column":79}}]},"8":{"loc":{"start":{"line":46,"column":4},"end":{"line":46,"column":76}},"type":"if","locations":[{"start":{"line":46,"column":4},"end":{"line":46,"column":76}}]},"9":{"loc":{"start":{"line":56,"column":15},"end":{"line":56,"column":40}},"type":"binary-expr","locations":[{"start":{"line":56,"column":15},"end":{"line":56,"column":24}},{"start":{"line":56,"column":28},"end":{"line":56,"column":40}}]}},"s":{"0":1,"1":14,"2":8,"3":8,"4":6,"5":6,"6":6,"7":6,"8":6,"9":6,"10":6,"11":6,"12":6,"13":6,"14":72,"15":103,"16":72,"17":93,"18":72,"19":67,"20":67,"21":67,"22":6,"23":6,"24":6,"25":2,"26":6,"27":2,"28":6,"29":1,"30":6,"31":8,"32":8,"33":101,"34":101,"35":101,"36":351,"37":351,"38":101},"f":{"0":14,"1":6,"2":6,"3":8},"b":{"0":[2],"1":[2],"2":[8],"3":[6],"4":[6],"5":[67],"6":[2],"7":[2],"8":[1],"9":[452,442]}}
,"D:\\AHS-Paper\\code\\core\\radixSort.ts": {"path":"D:\\AHS-Paper\\code\\core\\radixSort.ts","statementMap":{"0":{"start":{"line":7,"column":0},"end":{"line":7,"column":16}},"1":{"start":{"line":8,"column":4},"end":{"line":8,"column":37}},"2":{"start":{"line":8,"column":26},"end":{"line":8,"column":37}},"3":{"start":{"line":11,"column":22},"end":{"line":11,"column":57}},"4":{"start":{"line":11,"column":38},"end":{"line":11,"column":43}},"5":{"start":{"line":11,"column":54},"end":{"line":11,"column":56}},"6":{"start":{"line":12,"column":22},"end":{"line":12,"column":45}},"7":{"start":{"line":12,"column":38},"end":{"line":12,"column":44}},"8":{"start":{"line":15,"column":28},"end":{"line":15,"column":81}},"9":{"start":{"line":15,"column":78},"end":{"line":15,"column":80}},"10":{"start":{"line":16,"column":28},"end":{"line":16,"column":58}},"11":{"start":{"line":18,"column":4},"end":{"line":18,"column":52}},"12":{"start":{"line":22,"column":19},"end":{"line":22,"column":35}},"13":{"start":{"line":23,"column":21},"end":{"line":23,"column":22}},"14":{"start":{"line":25,"column":4},"end":{"line":28,"column":5}},"15":{"start":{"line":26,"column":8},"end":{"line":26,"column":51}},"16":{"start":{"line":27,"column":8},"end":{"line":27,"column":27}},"17":{"start":{"line":29,"column":4},"end":{"line":29,"column":15}},"18":{"start":{"line":33,"column":18},"end":{"line":33,"column":41}},"19":{"start":{"line":34,"column":19},"end":{"line":34,"column":40}},"20":{"start":{"line":37,"column":4},"end":{"line":40,"column":5}},"21":{"start":{"line":38,"column":22},"end":{"line":38,"column":57}},"22":{"start":{"line":39,"column":8},"end":{"line":39,"column":23}},"23":{"start":{"line":43,"column":4},"end":{"line":45,"column":5}},"24":{"start":{"line":43,"column":17},"end":{"line":43,"column":18}},"25":{"start":{"line":44,"column":8},"end":{"line":44,"column":33}},"26":{"start":{"line":48,"column":4},"end":{"line":52,"column":5}},"27":{"start":{"line":48,"column":17},"end":{"line":48,"column":31}},"28":{"start":{"line":49,"column":22},"end":{"line":49,"column":60}},"29":{"start":{"line":50,"column":8},"end":{"line":50,"column":42}},"30":{"start":{"line":51,"column":8},"end":{"line":51,"column":23}},"31":{"start":{"line":55,"column":4},"end":{"line":57,"column":5}},"32":{"start":{"line":55,"column":17},"end":{"line":55,"column":18}},"33":{"start":{"line":56,"column":8},"end":{"line":56,"column":27}}},"fnMap":{"0":{"name":"radixSort","decl":{"start":{"line":7,"column":16},"end":{"line":7,"column":25}},"loc":{"start":{"line":7,"column":51},"end":{"line":19,"column":1}}},"1":{"name":"(anonymous_1)","decl":{"start":{"line":11,"column":33},"end":{"line":11,"column":34}},"loc":{"start":{"line":11,"column":38},"end":{"line":11,"column":43}}},"2":{"name":"(anonymous_2)","decl":{"start":{"line":11,"column":49},"end":{"line":11,"column":50}},"loc":{"start":{"line":11,"column":54},"end":{"line":11,"column":56}}},"3":{"name":"(anonymous_3)","decl":{"start":{"line":12,"column":33},"end":{"line":12,"column":34}},"loc":{"start":{"line":12,"column":38},"end":{"line":12,"column":44}}},"4":{"name":"(anonymous_4)","decl":{"start":{"line":15,"column":73},"end":{"line":15,"column":74}},"loc":{"start":{"line":15,"column":78},"end":{"line":15,"column":80}}},"5":{"name":"radixSortCore","decl":{"start":{"line":21,"column":9},"end":{"line":21,"column":22}},"loc":{"start":{"line":21,"column":50},"end":{"line":30,"column":1}}},"6":{"name":"countingSortByDigit","decl":{"start":{"line":32,"column":9},"end":{"line":32,"column":28}},"loc":{"start":{"line":32,"column":76},"end":{"line":58,"column":1}}}},"branchMap":{"0":{"loc":{"start":{"line":7,"column":41},"end":{"line":7,"column":51}},"type":"default-arg","locations":[{"start":{"line":7,"column":48},"end":{"line":7,"column":51}}]},"1":{"loc":{"start":{"line":8,"column":4},"end":{"line":8,"column":37}},"type":"if","locations":[{"start":{"line":8,"column":4},"end":{"line":8,"column":37}}]}},"s":{"0":1,"1":3,"2":0,"3":3,"4":106,"5":1,"6":3,"7":106,"8":3,"9":1,"10":3,"11":3,"12":6,"13":6,"14":6,"15":14,"16":14,"17":6,"18":14,"19":14,"20":14,"21":321,"22":321,"23":14,"24":14,"25":3570,"26":14,"27":14,"28":321,"29":321,"30":321,"31":14,"32":14,"33":321},"f":{"0":3,"1":106,"2":1,"3":106,"4":1,"5":6,"6":14},"b":{"0":[3],"1":[0]}}
}
