TN:
SF:code\core\adaptiveHybridSort.ts
FN:14,adaptiveHybridSort
FN:37,calculateEntropy
FNF:2
FNH:2
FNDA:5,adaptiveHybridSort
FNDA:4,calculateEntropy
DA:1,1
DA:2,1
DA:3,1
DA:4,1
DA:14,1
DA:16,5
DA:17,4
DA:19,4
DA:20,4
DA:21,4
DA:22,4
DA:23,4
DA:26,4
DA:27,3
DA:28,1
DA:29,0
DA:30,1
DA:31,1
DA:33,0
DA:38,4
DA:39,4
DA:40,112
DA:43,4
DA:44,4
DA:45,4
DA:46,112
DA:47,112
DA:50,4
LF:28
LH:26
BRDA:16,0,0,1
BRDA:17,1,0,0
BRDA:26,2,0,3
BRDA:26,2,1,1
BRDA:28,3,0,0
BRDA:28,3,1,1
BRDA:30,4,0,1
BRDA:30,4,1,0
BRDA:30,5,0,1
BRDA:30,5,1,1
BRDA:40,6,0,112
BRDA:40,6,1,112
BRF:12
BRH:9
end_of_record
TN:
SF:code\core\countingSort.ts
FN:1,countingSort
FNF:1
FNH:1
FNDA:2,countingSort
DA:1,1
DA:2,2
DA:3,2
DA:4,2
DA:6,9
DA:7,4
DA:8,2
DA:9,9
DA:10,9
DA:12,2
LF:10
LH:10
BRF:0
BRH:0
end_of_record
TN:
SF:code\core\insertionSort.ts
FN:1,insertionSort
FNF:1
FNH:1
FNDA:3,insertionSort
DA:1,1
DA:2,3
DA:3,9
DA:4,9
DA:5,9
DA:6,6
DA:7,6
DA:9,9
DA:11,3
LF:9
LH:9
BRDA:5,0,0,15
BRDA:5,0,1,13
BRF:2
BRH:2
end_of_record
TN:
SF:code\core\quickSort.ts
FN:7,quickSort
FN:23,partition
FN:40,medianOfThree
FN:52,insertionSortRange
FNF:4
FNH:4
FNDA:14,quickSort
FNDA:6,partition
FNDA:6,medianOfThree
FNDA:8,insertionSortRange
DA:7,1
DA:9,14
DA:10,8
DA:11,8
DA:14,6
DA:17,6
DA:18,6
DA:20,6
DA:24,6
DA:25,6
DA:26,6
DA:28,6
DA:29,103
DA:30,93
DA:31,72
DA:32,67
DA:33,67
DA:34,67
DA:37,6
DA:41,6
DA:44,6
DA:45,6
DA:46,6
DA:48,6
DA:53,8
DA:54,101
DA:55,101
DA:56,101
DA:57,351
DA:58,351
DA:60,101
LF:31
LH:31
BRDA:7,0,0,2
BRDA:7,1,0,2
BRDA:9,2,0,8
BRDA:17,3,0,6
BRDA:18,4,0,6
BRDA:31,5,0,67
BRDA:44,6,0,2
BRDA:45,7,0,2
BRDA:46,8,0,1
BRDA:56,9,0,452
BRDA:56,9,1,442
BRF:11
BRH:11
end_of_record
TN:
SF:code\core\radixSort.ts
FN:7,radixSort
FN:11,(anonymous_1)
FN:11,(anonymous_2)
FN:12,(anonymous_3)
FN:15,(anonymous_4)
FN:21,radixSortCore
FN:32,countingSortByDigit
FNF:7
FNH:7
FNDA:3,radixSort
FNDA:106,(anonymous_1)
FNDA:1,(anonymous_2)
FNDA:106,(anonymous_3)
FNDA:1,(anonymous_4)
FNDA:6,radixSortCore
FNDA:14,countingSortByDigit
DA:7,1
DA:8,3
DA:11,106
DA:12,106
DA:15,3
DA:16,3
DA:18,3
DA:22,6
DA:23,6
DA:25,6
DA:26,14
DA:27,14
DA:29,6
DA:33,14
DA:34,14
DA:37,14
DA:38,321
DA:39,321
DA:43,14
DA:44,3570
DA:48,14
DA:49,321
DA:50,321
DA:51,321
DA:55,14
DA:56,321
LF:26
LH:26
BRDA:7,0,0,3
BRDA:8,1,0,0
BRF:2
BRH:1
end_of_record
